# JRE version: OpenJDK Runtime Environment (8.0_191-b12) (build 1.8.0_191-8u191-b12-0ubuntu0.18.04.1-b12)
# Java VM: OpenJDK 64-Bit Server VM (25.191-b12 mixed mode linux-amd64 compressed oops)
Heap:
 def new generation   total 173312K, used 10581K [0x0000000080000000, 0x000000008bc00000, 0x00000000aaaa0000)
  eden space 154112K,   6% used [0x0000000080000000, 0x0000000080a55600, 0x0000000089680000)
  from space 19200K,   0% used [0x0000000089680000, 0x0000000089680000, 0x000000008a940000)
  to   space 19200K,   0% used [0x000000008a940000, 0x000000008a940000, 0x000000008bc00000)
 tenured generation   total 478528K, used 478526K [0x00000000aaaa0000, 0x00000000c7df0000, 0x0000000100000000)
   the space 478528K,  99% used [0x00000000aaaa0000, 0x00000000c7defb08, 0x00000000c7defc00, 0x00000000c7df0000)
 Metaspace       used 32334K, capacity 32772K, committed 33536K, reserved 1077248K
  class space    used 4571K, capacity 4724K, committed 4864K, reserved 1048576K
GC Heap History (10 events):
Event: 155.146 GC heap after
Heap after GC invocations=111 (full 4):
 def new generation   total 50176K, used 0K [0x0000000080000000, 0x0000000083670000, 0x00000000aaaa0000)
  eden space 44608K,   0% used [0x0000000080000000, 0x0000000080000000, 0x0000000082b90000)
  from space 5568K,   0% used [0x0000000082b90000, 0x0000000082b90000, 0x0000000083100000)
  to   space 5568K,   0% used [0x0000000083100000, 0x0000000083100000, 0x0000000083670000)
 tenured generation   total 111304K, used 66781K [0x00000000aaaa0000, 0x00000000b1752000, 0x0000000100000000)
   the space 111304K,  59% used [0x00000000aaaa0000, 0x00000000aebd77e0, 0x00000000aebd7800, 0x00000000b1752000)
 Metaspace       used 31415K, capacity 31844K, committed 32384K, reserved 1077248K
  class space    used 4474K, capacity 4628K, committed 4736K, reserved 1048576K
}
Event: 155.179 GC heap before
{Heap before GC invocations=111 (full 4):
 def new generation   total 50176K, used 1015K [0x0000000080000000, 0x0000000083670000, 0x00000000aaaa0000)
  eden space 44608K,   2% used [0x0000000080000000, 0x00000000800fdcd0, 0x0000000082b90000)
  from space 5568K,   0% used [0x0000000082b90000, 0x0000000082b90000, 0x0000000083100000)
  to   space 5568K,   0% used [0x0000000083100000, 0x0000000083100000, 0x0000000083670000)
 tenured generation   total 158180K, used 113656K [0x00000000aaaa0000, 0x00000000b4519000, 0x0000000100000000)
   the space 158180K,  71% used [0x00000000aaaa0000, 0x00000000b199e3f0, 0x00000000b199e400, 0x00000000b4519000)
 Metaspace       used 31432K, capacity 31844K, committed 32384K, reserved 1077248K
  class space    used 4476K, capacity 4628K, committed 4736K, reserved 1048576K
Event: 155.204 GC heap after
Heap after GC invocations=112 (full 5):
 def new generation   total 85376K, used 0K [0x0000000080000000, 0x0000000085ca0000, 0x00000000aaaa0000)
  eden space 75904K,   0% used [0x0000000080000000, 0x0000000080000000, 0x0000000084a20000)
  from space 9472K,   0% used [0x0000000084a20000, 0x0000000084a20000, 0x0000000085360000)
  to   space 9472K,   0% used [0x0000000085360000, 0x0000000085360000, 0x0000000085ca0000)
 tenured generation   total 189432K, used 113657K [0x00000000aaaa0000, 0x00000000b639e000, 0x0000000100000000)
   the space 189432K,  59% used [0x00000000aaaa0000, 0x00000000b199e6e0, 0x00000000b199e800, 0x00000000b639e000)
 Metaspace       used 31432K, capacity 31844K, committed 32384K, reserved 1077248K
  class space    used 4476K, capacity 4628K, committed 4736K, reserved 1048576K
}
Event: 155.240 GC heap before
{Heap before GC invocations=112 (full 5):
 def new generation   total 85376K, used 48872K [0x0000000080000000, 0x0000000085ca0000, 0x00000000aaaa0000)
  eden space 75904K,  64% used [0x0000000080000000, 0x0000000082fba2b8, 0x0000000084a20000)
  from space 9472K,   0% used [0x0000000084a20000, 0x0000000084a20000, 0x0000000085360000)
  to   space 9472K,   0% used [0x0000000085360000, 0x0000000085360000, 0x0000000085ca0000)
 tenured generation   total 189432K, used 113657K [0x00000000aaaa0000, 0x00000000b639e000, 0x0000000100000000)
   the space 189432K,  59% used [0x00000000aaaa0000, 0x00000000b199e6e0, 0x00000000b199e800, 0x00000000b639e000)
 Metaspace       used 31447K, capacity 31844K, committed 32384K, reserved 1077248K
  class space    used 4477K, capacity 4628K, committed 4736K, reserved 1048576K
Event: 155.281 GC heap after
Heap after GC invocations=113 (full 5):
 def new generation   total 85376K, used 3K [0x0000000080000000, 0x0000000085ca0000, 0x00000000aaaa0000)
  eden space 75904K,   0% used [0x0000000080000000, 0x0000000080000000, 0x0000000084a20000)
  from space 9472K,   0% used [0x0000000085360000, 0x0000000085360c90, 0x0000000085ca0000)
  to   space 9472K,   0% used [0x0000000084a20000, 0x0000000084a20000, 0x0000000085360000)
 tenured generation   total 189432K, used 160532K [0x00000000aaaa0000, 0x00000000b639e000, 0x0000000100000000)
   the space 189432K,  84% used [0x00000000aaaa0000, 0x00000000b47652f0, 0x00000000b4765400, 0x00000000b639e000)
 Metaspace       used 31447K, capacity 31844K, committed 32384K, reserved 1077248K
  class space    used 4477K, capacity 4628K, committed 4736K, reserved 1048576K
}
Event: 155.410 GC heap before
{Heap before GC invocations=113 (full 5):
 def new generation   total 85376K, used 72777K [0x0000000080000000, 0x0000000085ca0000, 0x00000000aaaa0000)
  eden space 75904K,  95% used [0x0000000080000000, 0x0000000084711958, 0x0000000084a20000)
  from space 9472K,   0% used [0x0000000085360000, 0x0000000085360c90, 0x0000000085ca0000)
  to   space 9472K,   0% used [0x0000000084a20000, 0x0000000084a20000, 0x0000000085360000)
 tenured generation   total 189432K, used 160532K [0x00000000aaaa0000, 0x00000000b639e000, 0x0000000100000000)
   the space 189432K,  84% used [0x00000000aaaa0000, 0x00000000b47652f0, 0x00000000b4765400, 0x00000000b639e000)
 Metaspace       used 31515K, capacity 31908K, committed 32640K, reserved 1077248K
  class space    used 4483K, capacity 4628K, committed 4736K, reserved 1048576K
Event: 155.501 GC heap after
Heap after GC invocations=114 (full 6):
 def new generation   total 173312K, used 0K [0x0000000080000000, 0x000000008bc00000, 0x00000000aaaa0000)
  eden space 154112K,   0% used [0x0000000080000000, 0x0000000080000000, 0x0000000089680000)
  from space 19200K,   0% used [0x0000000089680000, 0x0000000089680000, 0x000000008a940000)
  to   space 19200K,   0% used [0x000000008a940000, 0x000000008a940000, 0x000000008bc00000)
 tenured generation   total 384776K, used 230863K [0x00000000aaaa0000, 0x00000000c2262000, 0x0000000100000000)
   the space 384776K,  59% used [0x00000000aaaa0000, 0x00000000b8c13cf8, 0x00000000b8c13e00, 0x00000000c2262000)
 Metaspace       used 31515K, capacity 31908K, committed 32640K, reserved 1077248K
  class space    used 4483K, capacity 4628K, committed 4736K, reserved 1048576K
}
Event: 155.614 GC heap before
{Heap before GC invocations=114 (full 6):
 def new generation   total 173312K, used 109760K [0x0000000080000000, 0x000000008bc00000, 0x00000000aaaa0000)
  eden space 154112K,  71% used [0x0000000080000000, 0x0000000086b30040, 0x0000000089680000)
  from space 19200K,   0% used [0x0000000089680000, 0x0000000089680000, 0x000000008a940000)
  to   space 19200K,   0% used [0x000000008a940000, 0x000000008a940000, 0x000000008bc00000)
 tenured generation   total 384776K, used 230863K [0x00000000aaaa0000, 0x00000000c2262000, 0x0000000100000000)
   the space 384776K,  59% used [0x00000000aaaa0000, 0x00000000b8c13cf8, 0x00000000b8c13e00, 0x00000000c2262000)
 Metaspace       used 32279K, capacity 32708K, committed 33280K, reserved 1077248K
  class space    used 4569K, capacity 4724K, committed 4864K, reserved 1048576K
Event: 155.707 GC heap after
Heap after GC invocations=115 (full 6):
 def new generation   total 173312K, used 11830K [0x0000000080000000, 0x000000008bc00000, 0x00000000aaaa0000)
  eden space 154112K,   0% used [0x0000000080000000, 0x0000000080000000, 0x0000000089680000)
  from space 19200K,  61% used [0x000000008a940000, 0x000000008b4cd8b8, 0x000000008bc00000)
  to   space 19200K,   0% used [0x0000000089680000, 0x0000000089680000, 0x000000008a940000)
 tenured generation   total 384776K, used 324613K [0x00000000aaaa0000, 0x00000000c2262000, 0x0000000100000000)
   the space 384776K,  84% used [0x00000000aaaa0000, 0x00000000be7a1518, 0x00000000be7a1600, 0x00000000c2262000)
 Metaspace       used 32279K, capacity 32708K, committed 33280K, reserved 1077248K
  class space    used 4569K, capacity 4724K, committed 4864K, reserved 1048576K
}
Event: 157.377 GC heap before
{Heap before GC invocations=115 (full 6):
 def new generation   total 173312K, used 165813K [0x0000000080000000, 0x000000008bc00000, 0x00000000aaaa0000)
  eden space 154112K,  99% used [0x0000000080000000, 0x000000008965fee8, 0x0000000089680000)
  from space 19200K,  61% used [0x000000008a940000, 0x000000008b4cd8b8, 0x000000008bc00000)
  to   space 19200K,   0% used [0x0000000089680000, 0x0000000089680000, 0x000000008a940000)
 tenured generation   total 384776K, used 324613K [0x00000000aaaa0000, 0x00000000c2262000, 0x0000000100000000)
   the space 384776K,  84% used [0x00000000aaaa0000, 0x00000000be7a1518, 0x00000000be7a1600, 0x00000000c2262000)
 Metaspace       used 32334K, capacity 32772K, committed 33536K, reserved 1077248K
  class space    used 4571K, capacity 4724K, committed 4864K, reserved 1048576K

